<?xml version="1.0" encoding="UTF-8" standalone="no"?>
<testsuite errors="0" failures="0" name="io.cucumber.core.plugin.JUnitFormatter" skipped="0" tests="1" time="18.343">
    <testcase classname="SearchBox Functionality" name="SearchBox functionality should work with a valid product name" time="17.953">
        <system-out>
            <![CDATA[Given user is landed on amazon homepage.....................................passed
And user should be able to enter valid product name.........................passed
When user should be able to click on search button..........................passed
Then user should see the valid product appears..............................passed
]]>
        </system-out>
    </testcase>
</testsuite>
