<?xml version="1.0" encoding="UTF-8"?>
<testsuite xmlns:xsi="http://www.w3.org/2001/XMLSchema-instance" xsi:noNamespaceSchemaLocation="https://maven.apache.org/surefire/maven-surefire-plugin/xsd/surefire-test-report-3.0.xsd" version="3.0" name="TestSuite" time="23.857" tests="1" errors="0" skipped="0" failures="0">
  <properties>
[...]
</properties>
  <testcase name="runScenario[&quot;SearchBox functionality should work with a valid product name&quot;, &quot;SearchBox Functionality&quot;](1)" classname="runner.RegressionTestRunner" time="18.765">
    <system-out><![CDATA[[DEBUG] suiteXmlPath: "C:\Users\mahbu\IdeaProjects\BDD_AutomationFrameWork_HomeWork2022\target\test-classes\AmazonRegressionTestRunner.xml"
[DEBUG] [Graph] ADDING NODE AbstractTestNGCucumberTests.setUpClass(org.testng.ITestContext)[pri:0, instance:null] -393284817
[DEBUG] [Graph] ================ SORTING
[DEBUG] [Graph] =============== DONE SORTING
[DEBUG] [Graph] ====== SORTED NODES
[DEBUG] [Graph] ====== END SORTED NODES
[DEBUG] [Graph] ADDING NODE AbstractTestNGCucumberTests.tearDownClass()[pri:0, instance:null] 1523153566
[DEBUG] [Graph] ================ SORTING
[DEBUG] [Graph] =============== DONE SORTING
[DEBUG] [Graph] ====== SORTED NODES
[DEBUG] [Graph] ====== END SORTED NODES
[DEBUG] [Graph] ADDING NODE AbstractTestNGCucumberTests.runScenario(io.cucumber.testng.PickleWrapper,io.cucumber.testng.FeatureWrapper)[pri:0, instance:runner.RegressionTestRunner@4671115f] 31455792
[DEBUG] [Graph] ================ SORTING
[DEBUG] [Graph] =============== DONE SORTING
[DEBUG] [Graph] ====== SORTED NODES
[DEBUG] [Graph] ====== END SORTED NODES
***************** Automation Started *******************

@RegressionTest
Scenario: SearchBox functionality should work with a valid product name # src/test/java/features/SearchBox.feature:7
[DEBUG] Using SLF4J as the default logging framework
[DEBUG] -Dio.netty.leakDetection.level: simple
[DEBUG] -Dio.netty.leakDetection.targetRecords: 4
[DEBUG] Loaded default ResourceLeakDetector: io.netty.util.ResourceLeakDetector@40f8f5a8
[DEBUG] -Dio.netty.noUnsafe: false
[DEBUG] Java version: 11
[DEBUG] sun.misc.Unsafe.theUnsafe: available
[DEBUG] sun.misc.Unsafe.copyMemory: available
[DEBUG] sun.misc.Unsafe.storeFence: available
[DEBUG] java.nio.Buffer.address: available
[DEBUG] direct buffer constructor: unavailable: Reflective setAccessible(true) disabled
[DEBUG] java.nio.Bits.unaligned: available, true
[DEBUG] jdk.internal.misc.Unsafe.allocateUninitializedArray(int): unavailable: class io.netty.util.internal.PlatformDependent0$7 cannot access class jdk.internal.misc.Unsafe (in module java.base) because module java.base does not export jdk.internal.misc to unnamed module @4ef27d66
[DEBUG] java.nio.DirectByteBuffer.<init>(long, int): unavailable
[DEBUG] sun.misc.Unsafe: available
[DEBUG] maxDirectMemory: 3172990976 bytes (maybe)
[DEBUG] -Dio.netty.tmpdir: C:\Users\mahbu\AppData\Local\Temp (java.io.tmpdir)
[DEBUG] -Dio.netty.bitMode: 64 (sun.arch.data.model)
[DEBUG] Platform: Windows
[DEBUG] -Dio.netty.maxDirectMemory: -1 bytes
[DEBUG] -Dio.netty.uninitializedArrayAllocationThreshold: -1
[DEBUG] java.nio.ByteBuffer.cleaner(): available
[DEBUG] -Dio.netty.noPreferDirect: false
[DEBUG] org.jctools-core.MpscChunkedArrayQueue: available
[DEBUG] -Dio.netty.threadLocalMap.stringBuilder.initialSize: 1024
[DEBUG] -Dio.netty.threadLocalMap.stringBuilder.maxSize: 4096
[DEBUG] Default protocols (JDK): [TLSv1.3, TLSv1.2] 
[DEBUG] Default cipher suites (JDK): [TLS_ECDHE_ECDSA_WITH_AES_256_GCM_SHA384, TLS_ECDHE_ECDSA_WITH_AES_128_GCM_SHA256, TLS_ECDHE_RSA_WITH_AES_128_GCM_SHA256, TLS_ECDHE_RSA_WITH_AES_256_GCM_SHA384, TLS_ECDHE_RSA_WITH_AES_128_CBC_SHA, TLS_ECDHE_RSA_WITH_AES_256_CBC_SHA, TLS_RSA_WITH_AES_128_GCM_SHA256, TLS_RSA_WITH_AES_128_CBC_SHA, TLS_RSA_WITH_AES_256_CBC_SHA, TLS_AES_128_GCM_SHA256, TLS_AES_256_GCM_SHA384]
[DEBUG] -Dio.netty.eventLoopThreads: 16
[DEBUG] -Dio.netty.noKeySetOptimization: false
[DEBUG] -Dio.netty.selectorAutoRebuildThreshold: 512
[DEBUG] -Dio.netty.allocator.numHeapArenas: 16
[DEBUG] -Dio.netty.allocator.numDirectArenas: 16
[DEBUG] -Dio.netty.allocator.pageSize: 8192
[DEBUG] -Dio.netty.allocator.maxOrder: 9
[DEBUG] -Dio.netty.allocator.chunkSize: 4194304
[DEBUG] -Dio.netty.allocator.smallCacheSize: 256
[DEBUG] -Dio.netty.allocator.normalCacheSize: 64
[DEBUG] -Dio.netty.allocator.maxCachedBufferCapacity: 32768
[DEBUG] -Dio.netty.allocator.cacheTrimInterval: 8192
[DEBUG] -Dio.netty.allocator.cacheTrimIntervalMillis: 0
[DEBUG] -Dio.netty.allocator.useCacheForAllThreads: false
[DEBUG] -Dio.netty.allocator.maxCachedByteBuffersPerChunk: 1023
[DEBUG] -Dio.netty.allocator.type: pooled
[DEBUG] -Dio.netty.threadLocalDirectBufferSize: 0
[DEBUG] -Dio.netty.maxThreadLocalCharBufferSize: 16384
[DEBUG] -Dio.netty.processId: 3232 (auto-detected)
[DEBUG] -Djava.net.preferIPv4Stack: false
[DEBUG] -Djava.net.preferIPv6Addresses: false
[DEBUG] Loopback interface: lo (Software Loopback Interface 1, 127.0.0.1)
[DEBUG] Failed to get SOMAXCONN from sysctl and file \proc\sys\net\core\somaxconn. Default: 200
[DEBUG] -Dio.netty.machineId: 80:91:33:ff:fe:d8:86:ff (auto-detected)
[DEBUG] -Dio.netty.buffer.checkAccessible: true
[DEBUG] -Dio.netty.buffer.checkBounds: true
[DEBUG] Loaded default ResourceLeakDetector: io.netty.util.ResourceLeakDetector@62ce73d5
[DEBUG] Using new Channel '[id: 0x0eecf5ed, L:/127.0.0.1:60720 - R:localhost/127.0.0.1:54647]' for 'POST' to '/session'
[DEBUG] -Dio.netty.recycler.maxCapacityPerThread: 4096
[DEBUG] -Dio.netty.recycler.ratio: 8
[DEBUG] -Dio.netty.recycler.chunkSize: 32
[DEBUG] -Dio.netty.recycler.blocking: false
[DEBUG] brotli4j not in the classpath; Brotli support will be unavailable.
[DEBUG] 

Request DefaultHttpRequest(decodeResult: success, version: HTTP/1.1)
POST /session HTTP/1.1
User-Agent: selenium/4.3.0 (java windows)
Content-Length: 365
Content-Type: application/json; charset=utf-8
host: localhost:54647
accept: */*

Response DefaultHttpResponse(decodeResult: success, version: HTTP/1.1)
HTTP/1.1 200 OK
Content-Type: application/json; charset=utf-8
cache-control: no-cache
content-length: 790

[DEBUG] Adding key: http://localhost:54647 for channel [id: 0x0eecf5ed, L:/127.0.0.1:60720 - R:localhost/127.0.0.1:54647]
[DEBUG] Using new Channel '[id: 0xff1e4609, L:/127.0.0.1:60728 - R:localhost/127.0.0.1:60721]' for 'GET' to '/json/version'
[DEBUG] 

Request DefaultFullHttpRequest(decodeResult: success, version: HTTP/1.1, content: EmptyByteBufBE)
GET /json/version HTTP/1.1
User-Agent: selenium/4.3.0 (java windows)
host: localhost:60721
accept: */*

Response DefaultHttpResponse(decodeResult: success, version: HTTP/1.1)
HTTP/1.1 200 OK
Content-Type: application/json; charset=UTF-8
content-length: 429

[DEBUG] Adding key: http://localhost:60721 for channel [id: 0xff1e4609, L:/127.0.0.1:60728 - R:localhost/127.0.0.1:60721]
[DEBUG] -Dio.netty.initialSeedUniquifier: 0xe92fc84a54c99729
[DEBUG] Using new Channel '[id: 0xdfec1081, L:/127.0.0.1:60729 - R:localhost/127.0.0.1:60721]' for 'GET' to '/devtools/browser/89d4042e-4d0f-46a7-90fe-08eed05fc2a4'
[DEBUG] 

Request DefaultFullHttpRequest(decodeResult: success, version: HTTP/1.1, content: EmptyByteBufBE)
GET /devtools/browser/89d4042e-4d0f-46a7-90fe-08eed05fc2a4 HTTP/1.1
upgrade: websocket
connection: upgrade
sec-websocket-key: fegLcmOSARua51mcyqOeVg==
sec-websocket-version: 13
origin: http://localhost:60721
host: localhost:60721
accept: */*
user-agent: AHC/2.1

Response DefaultHttpResponse(decodeResult: success, version: HTTP/1.1)
HTTP/1.1 101 WebSocket Protocol Handshake
Upgrade: WebSocket
Connection: Upgrade
Sec-WebSocket-Accept: 7Z9XP+Vh51z1uGg5w5E3L3KYxCM=

Browser : chrome
Url : https://www.amazon.com/
[DEBUG] Using pooled Channel '[id: 0x0eecf5ed, L:/127.0.0.1:60720 - R:localhost/127.0.0.1:54647]' for 'POST' to 'http://localhost:54647/session/240998dc5ebf60f13d9bc9272b102d17/window/maximize'
[DEBUG] Using open Channel [id: 0x0eecf5ed, L:/127.0.0.1:60720 - R:localhost/127.0.0.1:54647] for POST '/session/240998dc5ebf60f13d9bc9272b102d17/window/maximize'
[DEBUG] 

Request DefaultHttpRequest(decodeResult: success, version: HTTP/1.1)
POST /session/240998dc5ebf60f13d9bc9272b102d17/window/maximize HTTP/1.1
User-Agent: selenium/4.3.0 (java windows)
Content-Length: 3
Content-Type: application/json; charset=utf-8
host: localhost:54647
accept: */*

Response DefaultHttpResponse(decodeResult: success, version: HTTP/1.1)
HTTP/1.1 200 OK
Content-Type: application/json; charset=utf-8
cache-control: no-cache
content-length: 51

[DEBUG] Adding key: http://localhost:54647 for channel [id: 0x0eecf5ed, L:/127.0.0.1:60720 - R:localhost/127.0.0.1:54647]
[DEBUG] Using pooled Channel '[id: 0x0eecf5ed, L:/127.0.0.1:60720 - R:localhost/127.0.0.1:54647]' for 'POST' to 'http://localhost:54647/session/240998dc5ebf60f13d9bc9272b102d17/timeouts'
[DEBUG] Using open Channel [id: 0x0eecf5ed, L:/127.0.0.1:60720 - R:localhost/127.0.0.1:54647] for POST '/session/240998dc5ebf60f13d9bc9272b102d17/timeouts'
[DEBUG] 

Request DefaultHttpRequest(decodeResult: success, version: HTTP/1.1)
POST /session/240998dc5ebf60f13d9bc9272b102d17/timeouts HTTP/1.1
User-Agent: selenium/4.3.0 (java windows)
Content-Length: 23
Content-Type: application/json; charset=utf-8
host: localhost:54647
accept: */*

Response DefaultHttpResponse(decodeResult: success, version: HTTP/1.1)
HTTP/1.1 200 OK
Content-Type: application/json; charset=utf-8
cache-control: no-cache
content-length: 14

[DEBUG] Adding key: http://localhost:54647 for channel [id: 0x0eecf5ed, L:/127.0.0.1:60720 - R:localhost/127.0.0.1:54647]
[DEBUG] Using pooled Channel '[id: 0x0eecf5ed, L:/127.0.0.1:60720 - R:localhost/127.0.0.1:54647]' for 'POST' to 'http://localhost:54647/session/240998dc5ebf60f13d9bc9272b102d17/timeouts'
[DEBUG] Using open Channel [id: 0x0eecf5ed, L:/127.0.0.1:60720 - R:localhost/127.0.0.1:54647] for POST '/session/240998dc5ebf60f13d9bc9272b102d17/timeouts'
[DEBUG] 

Request DefaultHttpRequest(decodeResult: success, version: HTTP/1.1)
POST /session/240998dc5ebf60f13d9bc9272b102d17/timeouts HTTP/1.1
User-Agent: selenium/4.3.0 (java windows)
Content-Length: 23
Content-Type: application/json; charset=utf-8
host: localhost:54647
accept: */*

Response DefaultHttpResponse(decodeResult: success, version: HTTP/1.1)
HTTP/1.1 200 OK
Content-Type: application/json; charset=utf-8
cache-control: no-cache
content-length: 14

[DEBUG] Adding key: http://localhost:54647 for channel [id: 0x0eecf5ed, L:/127.0.0.1:60720 - R:localhost/127.0.0.1:54647]
[DEBUG] Using pooled Channel '[id: 0x0eecf5ed, L:/127.0.0.1:60720 - R:localhost/127.0.0.1:54647]' for 'DELETE' to 'http://localhost:54647/session/240998dc5ebf60f13d9bc9272b102d17/cookie'
[DEBUG] Using open Channel [id: 0x0eecf5ed, L:/127.0.0.1:60720 - R:localhost/127.0.0.1:54647] for DELETE '/session/240998dc5ebf60f13d9bc9272b102d17/cookie'
[DEBUG] 

Request DefaultFullHttpRequest(decodeResult: success, version: HTTP/1.1, content: EmptyByteBufBE)
DELETE /session/240998dc5ebf60f13d9bc9272b102d17/cookie HTTP/1.1
User-Agent: selenium/4.3.0 (java windows)
Content-Type: application/json; charset=utf-8
host: localhost:54647
accept: */*

Response DefaultHttpResponse(decodeResult: success, version: HTTP/1.1)
HTTP/1.1 200 OK
Content-Type: application/json; charset=utf-8
cache-control: no-cache
content-length: 14

[DEBUG] Adding key: http://localhost:54647 for channel [id: 0x0eecf5ed, L:/127.0.0.1:60720 - R:localhost/127.0.0.1:54647]
[DEBUG] Using pooled Channel '[id: 0x0eecf5ed, L:/127.0.0.1:60720 - R:localhost/127.0.0.1:54647]' for 'POST' to 'http://localhost:54647/session/240998dc5ebf60f13d9bc9272b102d17/url'
[DEBUG] Using open Channel [id: 0x0eecf5ed, L:/127.0.0.1:60720 - R:localhost/127.0.0.1:54647] for POST '/session/240998dc5ebf60f13d9bc9272b102d17/url'
[DEBUG] Entry count for : http://localhost:60721 : 1
[DEBUG] Entry count for : http://localhost:60721 : 1
[DEBUG] 

Request DefaultHttpRequest(decodeResult: success, version: HTTP/1.1)
POST /session/240998dc5ebf60f13d9bc9272b102d17/url HTTP/1.1
User-Agent: selenium/4.3.0 (java windows)
Content-Length: 53
Content-Type: application/json; charset=utf-8
host: localhost:54647
accept: */*

Response DefaultHttpResponse(decodeResult: success, version: HTTP/1.1)
HTTP/1.1 200 OK
Content-Type: application/json; charset=utf-8
cache-control: no-cache
content-length: 14

[DEBUG] Adding key: http://localhost:54647 for channel [id: 0x0eecf5ed, L:/127.0.0.1:60720 - R:localhost/127.0.0.1:54647]
Amazon HomePage landed
  Given user is landed on amazon homepage                               # stepdefinitions.SearchBoxSteps.user_is_landed_on_amazon_homepage()
[DEBUG] Using pooled Channel '[id: 0x0eecf5ed, L:/127.0.0.1:60720 - R:localhost/127.0.0.1:54647]' for 'POST' to 'http://localhost:54647/session/240998dc5ebf60f13d9bc9272b102d17/element'
[DEBUG] Using open Channel [id: 0x0eecf5ed, L:/127.0.0.1:60720 - R:localhost/127.0.0.1:54647] for POST '/session/240998dc5ebf60f13d9bc9272b102d17/element'
[DEBUG] 

Request DefaultHttpRequest(decodeResult: success, version: HTTP/1.1)
POST /session/240998dc5ebf60f13d9bc9272b102d17/element HTTP/1.1
User-Agent: selenium/4.3.0 (java windows)
Content-Length: 76
Content-Type: application/json; charset=utf-8
host: localhost:54647
accept: */*

Response DefaultHttpResponse(decodeResult: success, version: HTTP/1.1)
HTTP/1.1 200 OK
Content-Type: application/json; charset=utf-8
cache-control: no-cache
content-length: 88

[DEBUG] Adding key: http://localhost:54647 for channel [id: 0x0eecf5ed, L:/127.0.0.1:60720 - R:localhost/127.0.0.1:54647]
[DEBUG] Using pooled Channel '[id: 0x0eecf5ed, L:/127.0.0.1:60720 - R:localhost/127.0.0.1:54647]' for 'POST' to 'http://localhost:54647/session/240998dc5ebf60f13d9bc9272b102d17/element/c61a6ab0-51f5-4500-a103-4eb11e8a496b/clear'
[DEBUG] Using open Channel [id: 0x0eecf5ed, L:/127.0.0.1:60720 - R:localhost/127.0.0.1:54647] for POST '/session/240998dc5ebf60f13d9bc9272b102d17/element/c61a6ab0-51f5-4500-a103-4eb11e8a496b/clear'
[DEBUG] 

Request DefaultHttpRequest(decodeResult: success, version: HTTP/1.1)
POST /session/240998dc5ebf60f13d9bc9272b102d17/element/c61a6ab0-51f5-4500-a103-4eb11e8a496b/clear HTTP/1.1
User-Agent: selenium/4.3.0 (java windows)
Content-Length: 50
Content-Type: application/json; charset=utf-8
host: localhost:54647
accept: */*

Response DefaultHttpResponse(decodeResult: success, version: HTTP/1.1)
HTTP/1.1 200 OK
Content-Type: application/json; charset=utf-8
cache-control: no-cache
content-length: 14

[DEBUG] Adding key: http://localhost:54647 for channel [id: 0x0eecf5ed, L:/127.0.0.1:60720 - R:localhost/127.0.0.1:54647]
[DEBUG] Using pooled Channel '[id: 0x0eecf5ed, L:/127.0.0.1:60720 - R:localhost/127.0.0.1:54647]' for 'POST' to 'http://localhost:54647/session/240998dc5ebf60f13d9bc9272b102d17/element'
[DEBUG] Using open Channel [id: 0x0eecf5ed, L:/127.0.0.1:60720 - R:localhost/127.0.0.1:54647] for POST '/session/240998dc5ebf60f13d9bc9272b102d17/element'
[DEBUG] 

Request DefaultHttpRequest(decodeResult: success, version: HTTP/1.1)
POST /session/240998dc5ebf60f13d9bc9272b102d17/element HTTP/1.1
User-Agent: selenium/4.3.0 (java windows)
Content-Length: 76
Content-Type: application/json; charset=utf-8
host: localhost:54647
accept: */*

Response DefaultHttpResponse(decodeResult: success, version: HTTP/1.1)
HTTP/1.1 200 OK
Content-Type: application/json; charset=utf-8
cache-control: no-cache
content-length: 88

[DEBUG] Adding key: http://localhost:54647 for channel [id: 0x0eecf5ed, L:/127.0.0.1:60720 - R:localhost/127.0.0.1:54647]
[DEBUG] Using pooled Channel '[id: 0x0eecf5ed, L:/127.0.0.1:60720 - R:localhost/127.0.0.1:54647]' for 'POST' to 'http://localhost:54647/session/240998dc5ebf60f13d9bc9272b102d17/element/c61a6ab0-51f5-4500-a103-4eb11e8a496b/clear'
[DEBUG] Using open Channel [id: 0x0eecf5ed, L:/127.0.0.1:60720 - R:localhost/127.0.0.1:54647] for POST '/session/240998dc5ebf60f13d9bc9272b102d17/element/c61a6ab0-51f5-4500-a103-4eb11e8a496b/clear'
[DEBUG] 

Request DefaultHttpRequest(decodeResult: success, version: HTTP/1.1)
POST /session/240998dc5ebf60f13d9bc9272b102d17/element/c61a6ab0-51f5-4500-a103-4eb11e8a496b/clear HTTP/1.1
User-Agent: selenium/4.3.0 (java windows)
Content-Length: 50
Content-Type: application/json; charset=utf-8
host: localhost:54647
accept: */*

Response DefaultHttpResponse(decodeResult: success, version: HTTP/1.1)
HTTP/1.1 200 OK
Content-Type: application/json; charset=utf-8
cache-control: no-cache
content-length: 14

[DEBUG] Adding key: http://localhost:54647 for channel [id: 0x0eecf5ed, L:/127.0.0.1:60720 - R:localhost/127.0.0.1:54647]
[DEBUG] Using pooled Channel '[id: 0x0eecf5ed, L:/127.0.0.1:60720 - R:localhost/127.0.0.1:54647]' for 'POST' to 'http://localhost:54647/session/240998dc5ebf60f13d9bc9272b102d17/element'
[DEBUG] Using open Channel [id: 0x0eecf5ed, L:/127.0.0.1:60720 - R:localhost/127.0.0.1:54647] for POST '/session/240998dc5ebf60f13d9bc9272b102d17/element'
[DEBUG] 

Request DefaultHttpRequest(decodeResult: success, version: HTTP/1.1)
POST /session/240998dc5ebf60f13d9bc9272b102d17/element HTTP/1.1
User-Agent: selenium/4.3.0 (java windows)
Content-Length: 76
Content-Type: application/json; charset=utf-8
host: localhost:54647
accept: */*

Response DefaultHttpResponse(decodeResult: success, version: HTTP/1.1)
HTTP/1.1 200 OK
Content-Type: application/json; charset=utf-8
cache-control: no-cache
content-length: 88

[DEBUG] Adding key: http://localhost:54647 for channel [id: 0x0eecf5ed, L:/127.0.0.1:60720 - R:localhost/127.0.0.1:54647]
[DEBUG] Entry count for : http://localhost:54647 : 1
[DEBUG] Entry count for : http://localhost:60721 : 1
[DEBUG] Using pooled Channel '[id: 0x0eecf5ed, L:/127.0.0.1:60720 - R:localhost/127.0.0.1:54647]' for 'POST' to 'http://localhost:54647/session/240998dc5ebf60f13d9bc9272b102d17/element/c61a6ab0-51f5-4500-a103-4eb11e8a496b/value'
[DEBUG] Using open Channel [id: 0x0eecf5ed, L:/127.0.0.1:60720 - R:localhost/127.0.0.1:54647] for POST '/session/240998dc5ebf60f13d9bc9272b102d17/element/c61a6ab0-51f5-4500-a103-4eb11e8a496b/value'
[DEBUG] 

Request DefaultHttpRequest(decodeResult: success, version: HTTP/1.1)
POST /session/240998dc5ebf60f13d9bc9272b102d17/element/c61a6ab0-51f5-4500-a103-4eb11e8a496b/value HTTP/1.1
User-Agent: selenium/4.3.0 (java windows)
Content-Length: 181
Content-Type: application/json; charset=utf-8
host: localhost:54647
accept: */*

Response DefaultHttpResponse(decodeResult: success, version: HTTP/1.1)
HTTP/1.1 200 OK
Content-Type: application/json; charset=utf-8
cache-control: no-cache
content-length: 14

[DEBUG] Adding key: http://localhost:54647 for channel [id: 0x0eecf5ed, L:/127.0.0.1:60720 - R:localhost/127.0.0.1:54647]
  And user should be able to enter valid product name                   # stepdefinitions.SearchBoxSteps.userShouldBeAbleToEnterValidProductName()
[DEBUG] Using pooled Channel '[id: 0x0eecf5ed, L:/127.0.0.1:60720 - R:localhost/127.0.0.1:54647]' for 'POST' to 'http://localhost:54647/session/240998dc5ebf60f13d9bc9272b102d17/element'
[DEBUG] Using open Channel [id: 0x0eecf5ed, L:/127.0.0.1:60720 - R:localhost/127.0.0.1:54647] for POST '/session/240998dc5ebf60f13d9bc9272b102d17/element'
[DEBUG] 

Request DefaultHttpRequest(decodeResult: success, version: HTTP/1.1)
POST /session/240998dc5ebf60f13d9bc9272b102d17/element HTTP/1.1
User-Agent: selenium/4.3.0 (java windows)
Content-Length: 67
Content-Type: application/json; charset=utf-8
host: localhost:54647
accept: */*

Response DefaultHttpResponse(decodeResult: success, version: HTTP/1.1)
HTTP/1.1 200 OK
Content-Type: application/json; charset=utf-8
cache-control: no-cache
content-length: 88

[DEBUG] Adding key: http://localhost:54647 for channel [id: 0x0eecf5ed, L:/127.0.0.1:60720 - R:localhost/127.0.0.1:54647]
[DEBUG] Using pooled Channel '[id: 0x0eecf5ed, L:/127.0.0.1:60720 - R:localhost/127.0.0.1:54647]' for 'POST' to 'http://localhost:54647/session/240998dc5ebf60f13d9bc9272b102d17/element/9d07a3d9-3823-45ff-b64d-ce9fbb08f891/click'
[DEBUG] Using open Channel [id: 0x0eecf5ed, L:/127.0.0.1:60720 - R:localhost/127.0.0.1:54647] for POST '/session/240998dc5ebf60f13d9bc9272b102d17/element/9d07a3d9-3823-45ff-b64d-ce9fbb08f891/click'
[DEBUG] Entry count for : http://localhost:60721 : 1
[DEBUG] Entry count for : http://localhost:60721 : 1
[DEBUG] 

Request DefaultHttpRequest(decodeResult: success, version: HTTP/1.1)
POST /session/240998dc5ebf60f13d9bc9272b102d17/element/9d07a3d9-3823-45ff-b64d-ce9fbb08f891/click HTTP/1.1
User-Agent: selenium/4.3.0 (java windows)
Content-Length: 50
Content-Type: application/json; charset=utf-8
host: localhost:54647
accept: */*

Response DefaultHttpResponse(decodeResult: success, version: HTTP/1.1)
HTTP/1.1 200 OK
Content-Type: application/json; charset=utf-8
cache-control: no-cache
content-length: 14

[DEBUG] Adding key: http://localhost:54647 for channel [id: 0x0eecf5ed, L:/127.0.0.1:60720 - R:localhost/127.0.0.1:54647]
[DEBUG] Entry count for : http://localhost:54647 : 1
[DEBUG] Entry count for : http://localhost:60721 : 1
[DEBUG] Entry count for : http://localhost:54647 : 1
[DEBUG] Entry count for : http://localhost:60721 : 1
[DEBUG] Entry count for : http://localhost:54647 : 1
[DEBUG] Entry count for : http://localhost:60721 : 1
[DEBUG] Entry count for : http://localhost:54647 : 1
[DEBUG] Entry count for : http://localhost:60721 : 1
[DEBUG] Entry count for : http://localhost:54647 : 1
[DEBUG] Entry count for : http://localhost:60721 : 1
  When user should be able to click on search button                    # stepdefinitions.SearchBoxSteps.userShouldBeAbleToClickOnSearchButton()
[DEBUG] Using pooled Channel '[id: 0x0eecf5ed, L:/127.0.0.1:60720 - R:localhost/127.0.0.1:54647]' for 'POST' to 'http://localhost:54647/session/240998dc5ebf60f13d9bc9272b102d17/element'
[DEBUG] Using open Channel [id: 0x0eecf5ed, L:/127.0.0.1:60720 - R:localhost/127.0.0.1:54647] for POST '/session/240998dc5ebf60f13d9bc9272b102d17/element'
[DEBUG] 

Request DefaultHttpRequest(decodeResult: success, version: HTTP/1.1)
POST /session/240998dc5ebf60f13d9bc9272b102d17/element HTTP/1.1
User-Agent: selenium/4.3.0 (java windows)
Content-Length: 89
Content-Type: application/json; charset=utf-8
host: localhost:54647
accept: */*

Response DefaultHttpResponse(decodeResult: success, version: HTTP/1.1)
HTTP/1.1 200 OK
Content-Type: application/json; charset=utf-8
cache-control: no-cache
content-length: 88

[DEBUG] Adding key: http://localhost:54647 for channel [id: 0x0eecf5ed, L:/127.0.0.1:60720 - R:localhost/127.0.0.1:54647]
[DEBUG] Using pooled Channel '[id: 0x0eecf5ed, L:/127.0.0.1:60720 - R:localhost/127.0.0.1:54647]' for 'GET' to 'http://localhost:54647/session/240998dc5ebf60f13d9bc9272b102d17/element/c653a824-55b1-45fb-854d-18de23d669f9/text'
[DEBUG] Using open Channel [id: 0x0eecf5ed, L:/127.0.0.1:60720 - R:localhost/127.0.0.1:54647] for GET '/session/240998dc5ebf60f13d9bc9272b102d17/element/c653a824-55b1-45fb-854d-18de23d669f9/text'
[DEBUG] 

Request DefaultFullHttpRequest(decodeResult: success, version: HTTP/1.1, content: EmptyByteBufBE)
GET /session/240998dc5ebf60f13d9bc9272b102d17/element/c653a824-55b1-45fb-854d-18de23d669f9/text HTTP/1.1
User-Agent: selenium/4.3.0 (java windows)
Cache-Control: no-cache
Content-Type: application/json; charset=utf-8
host: localhost:54647
accept: */*

Response DefaultHttpResponse(decodeResult: success, version: HTTP/1.1)
HTTP/1.1 200 OK
Content-Type: application/json; charset=utf-8
cache-control: no-cache
content-length: 26

[DEBUG] Adding key: http://localhost:54647 for channel [id: 0x0eecf5ed, L:/127.0.0.1:60720 - R:localhost/127.0.0.1:54647]
[DEBUG] Entry count for : http://localhost:54647 : 1
[DEBUG] Entry count for : http://localhost:60721 : 1
[DEBUG] Entry count for : http://localhost:54647 : 1
[DEBUG] Entry count for : http://localhost:60721 : 1
[DEBUG] Entry count for : http://localhost:54647 : 1
[DEBUG] Entry count for : http://localhost:60721 : 1
  Then user should see the valid product appears                        # stepdefinitions.SearchBoxSteps.userShouldSeeTheValidProductAppears()
[DEBUG] Using pooled Channel '[id: 0x0eecf5ed, L:/127.0.0.1:60720 - R:localhost/127.0.0.1:54647]' for 'DELETE' to 'http://localhost:54647/session/240998dc5ebf60f13d9bc9272b102d17'
[DEBUG] Using open Channel [id: 0x0eecf5ed, L:/127.0.0.1:60720 - R:localhost/127.0.0.1:54647] for DELETE '/session/240998dc5ebf60f13d9bc9272b102d17'
[DEBUG] Channel Closed: [id: 0xdfec1081, L:/127.0.0.1:60729 ! R:localhost/127.0.0.1:60721] with attribute NettyResponseFuture{currentRetry=0,
	isDone=1,
	isCancelled=0,
	asyncHandler=org.asynchttpclient.ws.WebSocketUpgradeHandler@5b536dde,
	nettyRequest=org.asynchttpclient.netty.request.NettyRequest@6ef8de91,
	future=java.util.concurrent.CompletableFuture@38f8ee94[Completed normally],
	uri=ws://localhost:60721/devtools/browser/89d4042e-4d0f-46a7-90fe-08eed05fc2a4,
	keepAlive=true,
	redirectCount=0,
	timeoutsHolder=null,
	inAuth=0,
	touch=1659215211256}
[DEBUG] Closing Channel [id: 0xdfec1081, L:/127.0.0.1:60729 ! R:localhost/127.0.0.1:60721] 
[DEBUG] Unexpected I/O exception on channel [id: 0xff1e4609, L:/127.0.0.1:60728 - R:localhost/127.0.0.1:60721]
java.io.IOException: An existing connection was forcibly closed by the remote host
	at java.base/sun.nio.ch.SocketDispatcher.read0(Native Method) ~[na:na]
	at java.base/sun.nio.ch.SocketDispatcher.read(SocketDispatcher.java:43) ~[na:na]
	at java.base/sun.nio.ch.IOUtil.readIntoNativeBuffer(IOUtil.java:276) ~[na:na]
	at java.base/sun.nio.ch.IOUtil.read(IOUtil.java:233) ~[na:na]
	at java.base/sun.nio.ch.IOUtil.read(IOUtil.java:223) ~[na:na]
	at java.base/sun.nio.ch.SocketChannelImpl.read(SocketChannelImpl.java:358) ~[na:na]
	at io.netty.buffer.PooledByteBuf.setBytes(PooledByteBuf.java:258) ~[netty-buffer-4.1.78.Final.jar:4.1.78.Final]
	at io.netty.buffer.AbstractByteBuf.writeBytes(AbstractByteBuf.java:1132) ~[netty-buffer-4.1.78.Final.jar:4.1.78.Final]
	at io.netty.channel.socket.nio.NioSocketChannel.doReadBytes(NioSocketChannel.java:357) ~[netty-transport-4.1.78.Final.jar:4.1.78.Final]
	at io.netty.channel.nio.AbstractNioByteChannel$NioByteUnsafe.read(AbstractNioByteChannel.java:151) ~[netty-transport-4.1.78.Final.jar:4.1.78.Final]
	at io.netty.channel.nio.NioEventLoop.processSelectedKey(NioEventLoop.java:722) ~[netty-transport-4.1.78.Final.jar:4.1.78.Final]
	at io.netty.channel.nio.NioEventLoop.processSelectedKeysOptimized(NioEventLoop.java:658) ~[netty-transport-4.1.78.Final.jar:4.1.78.Final]
	at io.netty.channel.nio.NioEventLoop.processSelectedKeys(NioEventLoop.java:584) ~[netty-transport-4.1.78.Final.jar:4.1.78.Final]
	at io.netty.channel.nio.NioEventLoop.run(NioEventLoop.java:496) ~[netty-transport-4.1.78.Final.jar:4.1.78.Final]
	at io.netty.util.concurrent.SingleThreadEventExecutor$4.run(SingleThreadEventExecutor.java:997) ~[netty-common-4.1.78.Final.jar:4.1.78.Final]
	at io.netty.util.internal.ThreadExecutorMap$2.run(ThreadExecutorMap.java:74) ~[netty-common-4.1.78.Final.jar:4.1.78.Final]
	at io.netty.util.concurrent.FastThreadLocalRunnable.run(FastThreadLocalRunnable.java:30) ~[netty-common-4.1.78.Final.jar:4.1.78.Final]
	at java.base/java.lang.Thread.run(Thread.java:834) ~[na:na]
[DEBUG] Closing Channel [id: 0xff1e4609, L:/127.0.0.1:60728 - R:localhost/127.0.0.1:60721] 
[DEBUG] Channel Closed: [id: 0xff1e4609, L:/127.0.0.1:60728 ! R:localhost/127.0.0.1:60721] with attribute DISCARD
[DEBUG] 

Request DefaultFullHttpRequest(decodeResult: success, version: HTTP/1.1, content: EmptyByteBufBE)
DELETE /session/240998dc5ebf60f13d9bc9272b102d17 HTTP/1.1
User-Agent: selenium/4.3.0 (java windows)
Content-Type: application/json; charset=utf-8
host: localhost:54647
accept: */*

Response DefaultHttpResponse(decodeResult: success, version: HTTP/1.1)
HTTP/1.1 200 OK
Content-Type: application/json; charset=utf-8
cache-control: no-cache
content-length: 14

[DEBUG] Adding key: http://localhost:54647 for channel [id: 0x0eecf5ed, L:/127.0.0.1:60720 - R:localhost/127.0.0.1:54647]
[DEBUG] Channel Closed: [id: 0x0eecf5ed, L:/127.0.0.1:60720 ! R:localhost/127.0.0.1:54647] with attribute DISCARD
]]></system-out>
    <system-err><![CDATA[Starting ChromeDriver 103.0.5060.53 (a1711811edd74ff1cf2150f36ffa3b0dae40b17f-refs/branch-heads/5060@{#853}) on port 54647
Only local connections are allowed.
Please see https://chromedriver.chromium.org/security-considerations for suggestions on keeping ChromeDriver safe.
ChromeDriver was started successfully.
Jul 30, 2022 5:06:51 PM org.openqa.selenium.remote.ProtocolHandshake createSession
INFO: Detected upstream dialect: W3C
Jul 30, 2022 5:06:51 PM org.openqa.selenium.devtools.CdpVersionFinder findNearestMatch
INFO: Found exact CDP implementation for version 103
]]></system-err>
  </testcase>
</testsuite>